<?xml version="1.0" encoding="UTF-8"?>
<!-- Generated by org.testng.reporters.JUnitReportReporter -->
<testsuite hostname="DESKTOP-TSQ3Q8K" failures="0" tests="4" name="Com.concast.contactTest.ContactTest" time="0.034" errors="0" timestamp="2021-09-23T13:47:16 IST" skipped="0">
  <testcase classname="Com.concast.contactTest.ContactTest" name="createcontactTest1" time="0.004"/>
  <system-out/>
  <testcase classname="Com.concast.contactTest.ContactTest" name="deletecontactTest" time="0.006"/>
  <system-out/>
  <testcase classname="Com.concast.contactTest.ContactTest" name="createcontactTest" time="0.018"/>
  <system-out/>
  <testcase classname="Com.concast.contactTest.ContactTest" name="createcontactWithoutOrgTest" time="0.006"/>
  <system-out/>
</testsuite> <!-- Com.concast.contactTest.ContactTest -->
