<?xml version="1.0" encoding="UTF-8"?>
<!-- Generated by org.testng.reporters.JUnitReportReporter -->
<testsuite hostname="DESKTOP-TSQ3Q8K" failures="0" tests="3" name="Com.concast.contactTest.Contact" time="0.050" errors="0" timestamp="2021-09-21T16:56:02 IST" skipped="0">
  <testcase classname="Com.concast.contactTest.Contact" name="deletecontactTest" time="0.017"/>
  <system-out/>
  <testcase classname="Com.concast.contactTest.Contact" name="createcontactWithoutOrgTest" time="0.016"/>
  <system-out/>
  <testcase classname="Com.concast.contactTest.Contact" name="createcontactTest" time="0.017"/>
  <system-out/>
</testsuite> <!-- Com.concast.contactTest.Contact -->
